
> hrms-frontend@0.0.0 start
> ng serve --host 127.0.0.1 --port 4300

[33m>[39m Building...
[32m√[39m Building...
[1mInitial chunk files[22m[2m | [22m[1mNames[22m                         [2m | [22m [1mRaw size[22m
[32mchunk-6JNNJE2K.js[39m  [2m | [22m[2m-[22m                             [2m | [22m[36m359.24 kB[39m[2m | [22m
[32mmain.js[39m            [2m | [22m[2mmain[22m                          [2m | [22m[36m264.59 kB[39m[2m | [22m
[32mstyles.css[39m         [2m | [22m[2mstyles[22m                        [2m | [22m[36m188.92 kB[39m[2m | [22m
[32mpolyfills.js[39m       [2m | [22m[2mpolyfills[22m                     [2m | [22m [36m90.20 kB[39m[2m | [22m
[32mchunk-2GU4KG5S.js[39m  [2m | [22m[2m-[22m                             [2m | [22m [36m40.52 kB[39m[2m | [22m
[32mchunk-4FI2LS7W.js[39m  [2m | [22m[2m-[22m                             [2m | [22m [36m22.39 kB[39m[2m | [22m
[32mchunk-SIYR52C7.js[39m  [2m | [22m[2m-[22m                             [2m | [22m [36m17.36 kB[39m[2m | [22m
[32mchunk-ULWMLYWW.js[39m  [2m | [22m[2m-[22m                             [2m | [22m [36m14.68 kB[39m[2m | [22m
[32mchunk-EQENXTF3.js[39m  [2m | [22m[2m-[22m                             [2m | [22m  [36m9.23 kB[39m[2m | [22m
[32mchunk-CA2ELFKZ.js[39m  [2m | [22m[2m-[22m                             [2m | [22m  [36m7.13 kB[39m[2m | [22m
[32mchunk-CXIZJT3C.js[39m  [2m | [22m[2m-[22m                             [2m | [22m  [36m7.01 kB[39m[2m | [22m
[32mchunk-TBI4PZMO.js[39m  [2m | [22m[2m-[22m                             [2m | [22m  [36m4.78 kB[39m[2m | [22m
[32mchunk-OTZYIDTK.js[39m  [2m | [22m[2m-[22m                             [2m | [22m  [36m4.43 kB[39m[2m | [22m
[32mchunk-BTPDIG27.js[39m  [2m | [22m[2m-[22m                             [2m | [22m  [36m2.87 kB[39m[2m | [22m
[32mchunk-GOQSRIIK.js[39m  [2m | [22m[2m-[22m                             [2m | [22m  [36m2.23 kB[39m[2m | [22m
[32mchunk-Y5RQAIA6.js[39m  [2m | [22m[2m-[22m                             [2m | [22m  [36m1.50 kB[39m[2m | [22m
[32mchunk-7VDBFOMI.js[39m  [2m | [22m[2m-[22m                             [2m | [22m  [36m1.38 kB[39m[2m | [22m
[32mchunk-MRQICVC5.js[39m  [2m | [22m[2m-[22m                             [2m | [22m  [36m1.32 kB[39m[2m | [22m
[32mchunk-L2Q2ODZU.js[39m  [2m | [22m[2m-[22m                             [2m | [22m  [36m1.32 kB[39m[2m | [22m
[32mchunk-IJ6IGTQS.js[39m  [2m | [22m[2m-[22m                             [2m | [22m[36m582 bytes[39m[2m | [22m
[32mchunk-Y2GC6XPQ.js[39m  [2m | [22m[2m-[22m                             [2m | [22m[36m563 bytes[39m[2m | [22m

[1m [22m                  [2m | [22m[1mInitial total[22m                 [2m | [22m  [1m1.04 MB[22m

[1mLazy chunk files[22m   [2m | [22m[1mNames[22m                         [2m | [22m [1mRaw size[22m
[32mchunk-O75AERXF.js[39m  [2m | [22m[2mattendance-component[22m          [2m | [22m[36m244.09 kB[39m[2m | [22m
[32mchunk-NFBSSMTR.js[39m  [2m | [22m[2mself-service-component[22m        [2m | [22m[36m226.04 kB[39m[2m | [22m
[32mchunk-6AT4UKOV.js[39m  [2m | [22m[2mprofile-component[22m             [2m | [22m[36m116.69 kB[39m[2m | [22m
[32mchunk-ZKZWJD4Z.js[39m  [2m | [22m[2mbilling-component[22m             [2m | [22m[36m116.14 kB[39m[2m | [22m
[32mchunk-MHIWI3IB.js[39m  [2m | [22m[2mvisit-management-component[22m    [2m | [22m[36m107.45 kB[39m[2m | [22m
[32mchunk-XRQEMA5Z.js[39m  [2m | [22m[2msettings-routes[22m               [2m | [22m [36m98.66 kB[39m[2m | [22m
[32mchunk-FI3XXP3M.js[39m  [2m | [22m[2maudit-logs-component[22m          [2m | [22m [36m95.53 kB[39m[2m | [22m
[32mchunk-7J2OD7UF.js[39m  [2m | [22m[2mimport-wizard-component[22m       [2m | [22m [36m87.51 kB[39m[2m | [22m
[32mchunk-MGIEWNB5.js[39m  [2m | [22m[2mlogin-component[22m               [2m | [22m [36m66.52 kB[39m[2m | [22m
[32mchunk-6JHNOKWD.js[39m  [2m | [22m[2madd-ons-component[22m             [2m | [22m [36m55.26 kB[39m[2m | [22m
[32mchunk-3VTAWBOE.js[39m  [2m | [22m[2mface-registration-component[22m   [2m | [22m [36m50.49 kB[39m[2m | [22m
[32mchunk-ABIRRGHM.js[39m  [2m | [22m[2memployee-list-component[22m       [2m | [22m [36m49.89 kB[39m[2m | [22m
[32mchunk-G6KE65CF.js[39m  [2m | [22m[2mleaves-component[22m              [2m | [22m [36m49.14 kB[39m[2m | [22m
[32mchunk-OQCP3H7K.js[39m  [2m | [22m[2m-[22m                             [2m | [22m [36m47.26 kB[39m[2m | [22m
[32mchunk-RDWDZ76J.js[39m  [2m | [22m[2morganisation-profile-component[22m[2m | [22m [36m47.18 kB[39m[2m | [22m
[2m...and 56 more lazy chunks files. Use "--verbose" to show all the files.[22m

Application bundle generation complete. [25.839 seconds]

Watch mode enabled. Watching for file changes...
NOTE: Raw file sizes do not reflect development server per-request transformations.
  [32m➜[39m  [1mLocal[22m:   [36mhttp://127.0.0.1:[1m4300[22m/[39m
[33m>[39m Changes detected. Rebuilding...
[32m√[39m Changes detected. Rebuilding...
Application bundle generation failed. [9.201 seconds]

[33m>[39m Changes detected. Rebuilding...
[32m√[39m Changes detected. Rebuilding...
[1mInitial chunk files[22m[2m | [22m[1mNames[22m                         [2m | [22m [1mRaw size[22m
[32mchunk-6JNNJE2K.js[39m  [2m | [22m[2m-[22m                             [2m | [22m[36m359.24 kB[39m[2m | [22m
[32mmain.js[39m            [2m | [22m[2mmain[22m                          [2m | [22m[36m264.59 kB[39m[2m | [22m
[32mstyles.css[39m         [2m | [22m[2mstyles[22m                        [2m | [22m[36m188.92 kB[39m[2m | [22m
[32mpolyfills.js[39m       [2m | [22m[2mpolyfills[22m                     [2m | [22m [36m90.20 kB[39m[2m | [22m
[32mchunk-2GU4KG5S.js[39m  [2m | [22m[2m-[22m                             [2m | [22m [36m40.52 kB[39m[2m | [22m
[32mchunk-4FI2LS7W.js[39m  [2m | [22m[2m-[22m                             [2m | [22m [36m22.39 kB[39m[2m | [22m
[32mchunk-SIYR52C7.js[39m  [2m | [22m[2m-[22m                             [2m | [22m [36m17.36 kB[39m[2m | [22m
[32mchunk-ULWMLYWW.js[39m  [2m | [22m[2m-[22m                             [2m | [22m [36m14.68 kB[39m[2m | [22m
[32mchunk-EQENXTF3.js[39m  [2m | [22m[2m-[22m                             [2m | [22m  [36m9.23 kB[39m[2m | [22m
[32mchunk-CA2ELFKZ.js[39m  [2m | [22m[2m-[22m                             [2m | [22m  [36m7.13 kB[39m[2m | [22m
[32mchunk-CXIZJT3C.js[39m  [2m | [22m[2m-[22m                             [2m | [22m  [36m7.01 kB[39m[2m | [22m
[32mchunk-TBI4PZMO.js[39m  [2m | [22m[2m-[22m                             [2m | [22m  [36m4.78 kB[39m[2m | [22m
[32mchunk-OTZYIDTK.js[39m  [2m | [22m[2m-[22m                             [2m | [22m  [36m4.43 kB[39m[2m | [22m
[32mchunk-BTPDIG27.js[39m  [2m | [22m[2m-[22m                             [2m | [22m  [36m2.87 kB[39m[2m | [22m
[32mchunk-GOQSRIIK.js[39m  [2m | [22m[2m-[22m                             [2m | [22m  [36m2.23 kB[39m[2m | [22m
[32mchunk-Y5RQAIA6.js[39m  [2m | [22m[2m-[22m                             [2m | [22m  [36m1.50 kB[39m[2m | [22m
[32mchunk-7VDBFOMI.js[39m  [2m | [22m[2m-[22m                             [2m | [22m  [36m1.38 kB[39m[2m | [22m
[32mchunk-MRQICVC5.js[39m  [2m | [22m[2m-[22m                             [2m | [22m  [36m1.32 kB[39m[2m | [22m
[32mchunk-L2Q2ODZU.js[39m  [2m | [22m[2m-[22m                             [2m | [22m  [36m1.32 kB[39m[2m | [22m
[32mchunk-IJ6IGTQS.js[39m  [2m | [22m[2m-[22m                             [2m | [22m[36m582 bytes[39m[2m | [22m
[32mchunk-Y2GC6XPQ.js[39m  [2m | [22m[2m-[22m                             [2m | [22m[36m563 bytes[39m[2m | [22m

[1m [22m                  [2m | [22m[1mInitial total[22m                 [2m | [22m  [1m1.04 MB[22m

[1mLazy chunk files[22m   [2m | [22m[1mNames[22m                         [2m | [22m [1mRaw size[22m
[32mchunk-O75AERXF.js[39m  [2m | [22m[2mattendance-component[22m          [2m | [22m[36m244.09 kB[39m[2m | [22m
[32mchunk-NFBSSMTR.js[39m  [2m | [22m[2mself-service-component[22m        [2m | [22m[36m226.04 kB[39m[2m | [22m
[32mchunk-6AT4UKOV.js[39m  [2m | [22m[2mprofile-component[22m             [2m | [22m[36m116.69 kB[39m[2m | [22m
[32mchunk-ZKZWJD4Z.js[39m  [2m | [22m[2mbilling-component[22m             [2m | [22m[36m116.14 kB[39m[2m | [22m
[32mchunk-MHIWI3IB.js[39m  [2m | [22m[2mvisit-management-component[22m    [2m | [22m[36m107.45 kB[39m[2m | [22m
[32mchunk-XRQEMA5Z.js[39m  [2m | [22m[2msettings-routes[22m               [2m | [22m [36m98.66 kB[39m[2m | [22m
[32mchunk-FI3XXP3M.js[39m  [2m | [22m[2maudit-logs-component[22m          [2m | [22m [36m95.53 kB[39m[2m | [22m
[32mchunk-7J2OD7UF.js[39m  [2m | [22m[2mimport-wizard-component[22m       [2m | [22m [36m87.51 kB[39m[2m | [22m
[32mchunk-MGIEWNB5.js[39m  [2m | [22m[2mlogin-component[22m               [2m | [22m [36m66.52 kB[39m[2m | [22m
[32mchunk-6JHNOKWD.js[39m  [2m | [22m[2madd-ons-component[22m             [2m | [22m [36m55.26 kB[39m[2m | [22m
[32mchunk-QLOWCB5C.js[39m  [2m | [22m[2memployee-list-component[22m       [2m | [22m [36m50.60 kB[39m[2m | [22m
[32mchunk-3VTAWBOE.js[39m  [2m | [22m[2mface-registration-component[22m   [2m | [22m [36m50.49 kB[39m[2m | [22m
[32mchunk-G6KE65CF.js[39m  [2m | [22m[2mleaves-component[22m              [2m | [22m [36m49.14 kB[39m[2m | [22m
[32mchunk-OQCP3H7K.js[39m  [2m | [22m[2m-[22m                             [2m | [22m [36m47.26 kB[39m[2m | [22m
[32mchunk-RDWDZ76J.js[39m  [2m | [22m[2morganisation-profile-component[22m[2m | [22m [36m47.18 kB[39m[2m | [22m
[2m...and 56 more lazy chunks files. Use "--verbose" to show all the files.[22m

Application bundle generation complete. [1.359 seconds]

Page reload sent to client(s).
[33m>[39m Changes detected. Rebuilding...
[32m√[39m Changes detected. Rebuilding...
Application bundle generation failed. [7.474 seconds]

[33m>[39m Changes detected. Rebuilding...
[32m√[39m Changes detected. Rebuilding...
Application bundle generation failed. [7.438 seconds]

[33m>[39m Changes detected. Rebuilding...
[32m√[39m Changes detected. Rebuilding...
Application bundle generation failed. [2.142 seconds]

[33m>[39m Changes detected. Rebuilding...
[32m√[39m Changes detected. Rebuilding...
[1mInitial chunk files[22m[2m | [22m[1mNames[22m                         [2m | [22m [1mRaw size[22m
[32mchunk-6JNNJE2K.js[39m  [2m | [22m[2m-[22m                             [2m | [22m[36m359.24 kB[39m[2m | [22m
[32mmain.js[39m            [2m | [22m[2mmain[22m                          [2m | [22m[36m264.59 kB[39m[2m | [22m
[32mstyles.css[39m         [2m | [22m[2mstyles[22m                        [2m | [22m[36m188.92 kB[39m[2m | [22m
[32mpolyfills.js[39m       [2m | [22m[2mpolyfills[22m                     [2m | [22m [36m90.20 kB[39m[2m | [22m
[32mchunk-2GU4KG5S.js[39m  [2m | [22m[2m-[22m                             [2m | [22m [36m40.52 kB[39m[2m | [22m
[32mchunk-4FI2LS7W.js[39m  [2m | [22m[2m-[22m                             [2m | [22m [36m22.39 kB[39m[2m | [22m
[32mchunk-SIYR52C7.js[39m  [2m | [22m[2m-[22m                             [2m | [22m [36m17.36 kB[39m[2m | [22m
[32mchunk-ULWMLYWW.js[39m  [2m | [22m[2m-[22m                             [2m | [22m [36m14.68 kB[39m[2m | [22m
[32mchunk-EQENXTF3.js[39m  [2m | [22m[2m-[22m                             [2m | [22m  [36m9.23 kB[39m[2m | [22m
[32mchunk-CA2ELFKZ.js[39m  [2m | [22m[2m-[22m                             [2m | [22m  [36m7.13 kB[39m[2m | [22m
[32mchunk-CXIZJT3C.js[39m  [2m | [22m[2m-[22m                             [2m | [22m  [36m7.01 kB[39m[2m | [22m
[32mchunk-TBI4PZMO.js[39m  [2m | [22m[2m-[22m                             [2m | [22m  [36m4.78 kB[39m[2m | [22m
[32mchunk-OTZYIDTK.js[39m  [2m | [22m[2m-[22m                             [2m | [22m  [36m4.43 kB[39m[2m | [22m
[32mchunk-BTPDIG27.js[39m  [2m | [22m[2m-[22m                             [2m | [22m  [36m2.87 kB[39m[2m | [22m
[32mchunk-GOQSRIIK.js[39m  [2m | [22m[2m-[22m                             [2m | [22m  [36m2.23 kB[39m[2m | [22m
[32mchunk-Y5RQAIA6.js[39m  [2m | [22m[2m-[22m                             [2m | [22m  [36m1.50 kB[39m[2m | [22m
[32mchunk-7VDBFOMI.js[39m  [2m | [22m[2m-[22m                             [2m | [22m  [36m1.38 kB[39m[2m | [22m
[32mchunk-MRQICVC5.js[39m  [2m | [22m[2m-[22m                             [2m | [22m  [36m1.32 kB[39m[2m | [22m
[32mchunk-L2Q2ODZU.js[39m  [2m | [22m[2m-[22m                             [2m | [22m  [36m1.32 kB[39m[2m | [22m
[32mchunk-IJ6IGTQS.js[39m  [2m | [22m[2m-[22m                             [2m | [22m[36m582 bytes[39m[2m | [22m
[32mchunk-Y2GC6XPQ.js[39m  [2m | [22m[2m-[22m                             [2m | [22m[36m563 bytes[39m[2m | [22m

[1m [22m                  [2m | [22m[1mInitial total[22m                 [2m | [22m  [1m1.04 MB[22m

[1mLazy chunk files[22m   [2m | [22m[1mNames[22m                         [2m | [22m [1mRaw size[22m
[32mchunk-O75AERXF.js[39m  [2m | [22m[2mattendance-component[22m          [2m | [22m[36m244.09 kB[39m[2m | [22m
[32mchunk-NFBSSMTR.js[39m  [2m | [22m[2mself-service-component[22m        [2m | [22m[36m226.04 kB[39m[2m | [22m
[32mchunk-6AT4UKOV.js[39m  [2m | [22m[2mprofile-component[22m             [2m | [22m[36m116.69 kB[39m[2m | [22m
[32mchunk-ZKZWJD4Z.js[39m  [2m | [22m[2mbilling-component[22m             [2m | [22m[36m116.14 kB[39m[2m | [22m
[32mchunk-MHIWI3IB.js[39m  [2m | [22m[2mvisit-management-component[22m    [2m | [22m[36m107.45 kB[39m[2m | [22m
[32mchunk-XRQEMA5Z.js[39m  [2m | [22m[2msettings-routes[22m               [2m | [22m [36m98.66 kB[39m[2m | [22m
[32mchunk-FI3XXP3M.js[39m  [2m | [22m[2maudit-logs-component[22m          [2m | [22m [36m95.53 kB[39m[2m | [22m
[32mchunk-7J2OD7UF.js[39m  [2m | [22m[2mimport-wizard-component[22m       [2m | [22m [36m87.51 kB[39m[2m | [22m
[32mchunk-GDW3TIBW.js[39m  [2m | [22m[2memployee-list-component[22m       [2m | [22m [36m66.59 kB[39m[2m | [22m
[32mchunk-MGIEWNB5.js[39m  [2m | [22m[2mlogin-component[22m               [2m | [22m [36m66.52 kB[39m[2m | [22m
[32mchunk-6JHNOKWD.js[39m  [2m | [22m[2madd-ons-component[22m             [2m | [22m [36m55.26 kB[39m[2m | [22m
[32mchunk-3VTAWBOE.js[39m  [2m | [22m[2mface-registration-component[22m   [2m | [22m [36m50.49 kB[39m[2m | [22m
[32mchunk-G6KE65CF.js[39m  [2m | [22m[2mleaves-component[22m              [2m | [22m [36m49.14 kB[39m[2m | [22m
[32mchunk-OQCP3H7K.js[39m  [2m | [22m[2m-[22m                             [2m | [22m [36m47.26 kB[39m[2m | [22m
[32mchunk-RDWDZ76J.js[39m  [2m | [22m[2morganisation-profile-component[22m[2m | [22m [36m47.18 kB[39m[2m | [22m
[2m...and 56 more lazy chunks files. Use "--verbose" to show all the files.[22m

Application bundle generation complete. [4.346 seconds]

Page reload sent to client(s).
[33m>[39m Changes detected. Rebuilding...
[32m√[39m Changes detected. Rebuilding...
[1mInitial chunk files[22m[2m | [22m[1mNames[22m                  [2m | [22m [1mRaw size[22m
[32mmain.js[39m            [2m | [22m[2mmain[22m                   [2m | [22m[36m264.59 kB[39m[2m | [22m

[1mLazy chunk files[22m   [2m | [22m[1mNames[22m                  [2m | [22m [1mRaw size[22m
[32mchunk-X2Z22XE4.js[39m  [2m | [22m[2memployee-list-component[22m[2m | [22m [36m66.56 kB[39m[2m | [22m

Application bundle generation complete. [4.255 seconds]

Page reload sent to client(s).
[33m>[39m Changes detected. Rebuilding...
[32m√[39m Changes detected. Rebuilding...
[1mInitial chunk files[22m[2m | [22m[1mNames[22m                  [2m | [22m [1mRaw size[22m
[32mmain.js[39m            [2m | [22m[2mmain[22m                   [2m | [22m[36m264.59 kB[39m[2m | [22m

[1mLazy chunk files[22m   [2m | [22m[1mNames[22m                  [2m | [22m [1mRaw size[22m
[32mchunk-6NFICY5K.js[39m  [2m | [22m[2memployee-list-component[22m[2m | [22m [36m66.73 kB[39m[2m | [22m

Application bundle generation complete. [7.845 seconds]

Page reload sent to client(s).
[33m>[39m Changes detected. Rebuilding...
[32m√[39m Changes detected. Rebuilding...
Application bundle generation failed. [3.822 seconds]

[33m>[39m Changes detected. Rebuilding...
[32m√[39m Changes detected. Rebuilding...
[1mInitial chunk files[22m[2m | [22m[1mNames[22m                         [2m | [22m [1mRaw size[22m
[32mchunk-6JNNJE2K.js[39m  [2m | [22m[2m-[22m                             [2m | [22m[36m359.24 kB[39m[2m | [22m
[32mmain.js[39m            [2m | [22m[2mmain[22m                          [2m | [22m[36m264.59 kB[39m[2m | [22m
[32mstyles.css[39m         [2m | [22m[2mstyles[22m                        [2m | [22m[36m188.92 kB[39m[2m | [22m
[32mpolyfills.js[39m       [2m | [22m[2mpolyfills[22m                     [2m | [22m [36m90.20 kB[39m[2m | [22m
[32mchunk-2GU4KG5S.js[39m  [2m | [22m[2m-[22m                             [2m | [22m [36m40.52 kB[39m[2m | [22m
[32mchunk-4FI2LS7W.js[39m  [2m | [22m[2m-[22m                             [2m | [22m [36m22.39 kB[39m[2m | [22m
[32mchunk-SIYR52C7.js[39m  [2m | [22m[2m-[22m                             [2m | [22m [36m17.36 kB[39m[2m | [22m
[32mchunk-ULWMLYWW.js[39m  [2m | [22m[2m-[22m                             [2m | [22m [36m14.68 kB[39m[2m | [22m
[32mchunk-EQENXTF3.js[39m  [2m | [22m[2m-[22m                             [2m | [22m  [36m9.23 kB[39m[2m | [22m
[32mchunk-CA2ELFKZ.js[39m  [2m | [22m[2m-[22m                             [2m | [22m  [36m7.13 kB[39m[2m | [22m
[32mchunk-CXIZJT3C.js[39m  [2m | [22m[2m-[22m                             [2m | [22m  [36m7.01 kB[39m[2m | [22m
[32mchunk-TBI4PZMO.js[39m  [2m | [22m[2m-[22m                             [2m | [22m  [36m4.78 kB[39m[2m | [22m
[32mchunk-OTZYIDTK.js[39m  [2m | [22m[2m-[22m                             [2m | [22m  [36m4.43 kB[39m[2m | [22m
[32mchunk-BTPDIG27.js[39m  [2m | [22m[2m-[22m                             [2m | [22m  [36m2.87 kB[39m[2m | [22m
[32mchunk-GOQSRIIK.js[39m  [2m | [22m[2m-[22m                             [2m | [22m  [36m2.23 kB[39m[2m | [22m
[32mchunk-Y5RQAIA6.js[39m  [2m | [22m[2m-[22m                             [2m | [22m  [36m1.50 kB[39m[2m | [22m
[32mchunk-7VDBFOMI.js[39m  [2m | [22m[2m-[22m                             [2m | [22m  [36m1.38 kB[39m[2m | [22m
[32mchunk-MRQICVC5.js[39m  [2m | [22m[2m-[22m                             [2m | [22m  [36m1.32 kB[39m[2m | [22m
[32mchunk-L2Q2ODZU.js[39m  [2m | [22m[2m-[22m                             [2m | [22m  [36m1.32 kB[39m[2m | [22m
[32mchunk-IJ6IGTQS.js[39m  [2m | [22m[2m-[22m                             [2m | [22m[36m582 bytes[39m[2m | [22m
[32mchunk-Y2GC6XPQ.js[39m  [2m | [22m[2m-[22m                             [2m | [22m[36m563 bytes[39m[2m | [22m

[1m [22m                  [2m | [22m[1mInitial total[22m                 [2m | [22m  [1m1.04 MB[22m

[1mLazy chunk files[22m   [2m | [22m[1mNames[22m                         [2m | [22m [1mRaw size[22m
[32mchunk-O75AERXF.js[39m  [2m | [22m[2mattendance-component[22m          [2m | [22m[36m244.09 kB[39m[2m | [22m
[32mchunk-NFBSSMTR.js[39m  [2m | [22m[2mself-service-component[22m        [2m | [22m[36m226.04 kB[39m[2m | [22m
[32mchunk-6AT4UKOV.js[39m  [2m | [22m[2mprofile-component[22m             [2m | [22m[36m116.69 kB[39m[2m | [22m
[32mchunk-ZKZWJD4Z.js[39m  [2m | [22m[2mbilling-component[22m             [2m | [22m[36m116.14 kB[39m[2m | [22m
[32mchunk-MHIWI3IB.js[39m  [2m | [22m[2mvisit-management-component[22m    [2m | [22m[36m107.45 kB[39m[2m | [22m
[32mchunk-XRQEMA5Z.js[39m  [2m | [22m[2msettings-routes[22m               [2m | [22m [36m98.66 kB[39m[2m | [22m
[32mchunk-FI3XXP3M.js[39m  [2m | [22m[2maudit-logs-component[22m          [2m | [22m [36m95.53 kB[39m[2m | [22m
[32mchunk-7J2OD7UF.js[39m  [2m | [22m[2mimport-wizard-component[22m       [2m | [22m [36m87.51 kB[39m[2m | [22m
[32mchunk-UIMXEJZR.js[39m  [2m | [22m[2memployee-list-component[22m       [2m | [22m [36m67.01 kB[39m[2m | [22m
[32mchunk-MGIEWNB5.js[39m  [2m | [22m[2mlogin-component[22m               [2m | [22m [36m66.52 kB[39m[2m | [22m
[32mchunk-6JHNOKWD.js[39m  [2m | [22m[2madd-ons-component[22m             [2m | [22m [36m55.26 kB[39m[2m | [22m
[32mchunk-3VTAWBOE.js[39m  [2m | [22m[2mface-registration-component[22m   [2m | [22m [36m50.49 kB[39m[2m | [22m
[32mchunk-G6KE65CF.js[39m  [2m | [22m[2mleaves-component[22m              [2m | [22m [36m49.14 kB[39m[2m | [22m
[32mchunk-OQCP3H7K.js[39m  [2m | [22m[2m-[22m                             [2m | [22m [36m47.26 kB[39m[2m | [22m
[32mchunk-RDWDZ76J.js[39m  [2m | [22m[2morganisation-profile-component[22m[2m | [22m [36m47.18 kB[39m[2m | [22m
[2m...and 56 more lazy chunks files. Use "--verbose" to show all the files.[22m

Application bundle generation complete. [3.495 seconds]

Page reload sent to client(s).
[33m>[39m Changes detected. Rebuilding...
[32m√[39m Changes detected. Rebuilding...
[1mInitial chunk files[22m[2m | [22m[1mNames[22m                     [2m | [22m [1mRaw size[22m
[32mmain.js[39m            [2m | [22m[2mmain[22m                      [2m | [22m[36m264.59 kB[39m[2m | [22m
[32mchunk-F6627HMN.js[39m  [2m | [22m[2m-[22m                         [2m | [22m [36m15.23 kB[39m[2m | [22m

[1mLazy chunk files[22m   [2m | [22m[1mNames[22m                     [2m | [22m [1mRaw size[22m
[32mchunk-AIQ2KDG7.js[39m  [2m | [22m[2mattendance-component[22m      [2m | [22m[36m244.09 kB[39m[2m | [22m
[32mchunk-6CDQSTHT.js[39m  [2m | [22m[2mself-service-component[22m    [2m | [22m[36m226.04 kB[39m[2m | [22m
[32mchunk-IYQ5XI56.js[39m  [2m | [22m[2mprofile-component[22m         [2m | [22m[36m116.69 kB[39m[2m | [22m
[32mchunk-FI34QYRE.js[39m  [2m | [22m[2msettings-routes[22m           [2m | [22m [36m98.66 kB[39m[2m | [22m
[32mchunk-QIFO2IHV.js[39m  [2m | [22m[2mimport-wizard-component[22m   [2m | [22m [36m87.51 kB[39m[2m | [22m
[32mchunk-AWRPR4PY.js[39m  [2m | [22m[2memployee-list-component[22m   [2m | [22m [36m67.01 kB[39m[2m | [22m
[32mchunk-7W4XQJ45.js[39m  [2m | [22m[2minvitations-component[22m     [2m | [22m [36m36.75 kB[39m[2m | [22m
[32mchunk-IZ27M2AY.js[39m  [2m | [22m[2mteam-attendance-component[22m [2m | [22m [36m27.50 kB[39m[2m | [22m
[32mchunk-NB6BVTOB.js[39m  [2m | [22m[2mmy-team-component[22m         [2m | [22m [36m24.52 kB[39m[2m | [22m
[32mchunk-5VSNRLUD.js[39m  [2m | [22m[2mview-employee-component[22m   [2m | [22m [36m24.40 kB[39m[2m | [22m
[32mchunk-C4NDEW2G.js[39m  [2m | [22m[2madd-employee-component[22m    [2m | [22m [36m24.14 kB[39m[2m | [22m
[32mchunk-SY4ISZVE.js[39m  [2m | [22m[2medit-employee-component[22m   [2m | [22m [36m22.41 kB[39m[2m | [22m
[32mchunk-C5PFIQYJ.js[39m  [2m | [22m[2mface-recognition-component[22m[2m | [22m [36m16.83 kB[39m[2m | [22m

Application bundle generation complete. [2.378 seconds]

Page reload sent to client(s).
[33m>[39m Changes detected. Rebuilding...
[32m√[39m Changes detected. Rebuilding...
[1mInitial chunk files[22m[2m | [22m[1mNames[22m                  [2m | [22m [1mRaw size[22m
[32mmain.js[39m            [2m | [22m[2mmain[22m                   [2m | [22m[36m264.59 kB[39m[2m | [22m

[1mLazy chunk files[22m   [2m | [22m[1mNames[22m                  [2m | [22m [1mRaw size[22m
[32mchunk-ZFLHKHDR.js[39m  [2m | [22m[2memployee-list-component[22m[2m | [22m [36m67.08 kB[39m[2m | [22m

Application bundle generation complete. [3.307 seconds]

Page reload sent to client(s).
[33m>[39m Changes detected. Rebuilding...
[32m√[39m Changes detected. Rebuilding...
[1mInitial chunk files[22m[2m | [22m[1mNames[22m                     [2m | [22m [1mRaw size[22m
[32mmain.js[39m            [2m | [22m[2mmain[22m                      [2m | [22m[36m264.59 kB[39m[2m | [22m
[32mchunk-RJYTHRF4.js[39m  [2m | [22m[2m-[22m                         [2m | [22m [36m15.74 kB[39m[2m | [22m

[1mLazy chunk files[22m   [2m | [22m[1mNames[22m                     [2m | [22m [1mRaw size[22m
[32mchunk-MG4CYCES.js[39m  [2m | [22m[2mattendance-component[22m      [2m | [22m[36m244.09 kB[39m[2m | [22m
[32mchunk-WGK3QQCI.js[39m  [2m | [22m[2mself-service-component[22m    [2m | [22m[36m226.04 kB[39m[2m | [22m
[32mchunk-3LUV5GZR.js[39m  [2m | [22m[2mprofile-component[22m         [2m | [22m[36m116.69 kB[39m[2m | [22m
[32mchunk-3JVVYWTP.js[39m  [2m | [22m[2msettings-routes[22m           [2m | [22m [36m98.66 kB[39m[2m | [22m
[32mchunk-GPW3TKLS.js[39m  [2m | [22m[2mimport-wizard-component[22m   [2m | [22m [36m87.51 kB[39m[2m | [22m
[32mchunk-HBMN5JSA.js[39m  [2m | [22m[2memployee-list-component[22m   [2m | [22m [36m67.08 kB[39m[2m | [22m
[32mchunk-22ZHCIWK.js[39m  [2m | [22m[2minvitations-component[22m     [2m | [22m [36m36.75 kB[39m[2m | [22m
[32mchunk-H2VKFPZL.js[39m  [2m | [22m[2mteam-attendance-component[22m [2m | [22m [36m27.50 kB[39m[2m | [22m
[32mchunk-SU3TMHDQ.js[39m  [2m | [22m[2mmy-team-component[22m         [2m | [22m [36m24.52 kB[39m[2m | [22m
[32mchunk-HXMWGRCN.js[39m  [2m | [22m[2mview-employee-component[22m   [2m | [22m [36m24.40 kB[39m[2m | [22m
[32mchunk-KFOZF6GS.js[39m  [2m | [22m[2madd-employee-component[22m    [2m | [22m [36m24.14 kB[39m[2m | [22m
[32mchunk-H7OLWDMB.js[39m  [2m | [22m[2medit-employee-component[22m   [2m | [22m [36m22.41 kB[39m[2m | [22m
[32mchunk-FPJGZL47.js[39m  [2m | [22m[2mface-recognition-component[22m[2m | [22m [36m16.83 kB[39m[2m | [22m

Application bundle generation complete. [3.762 seconds]

Page reload sent to client(s).
[33m>[39m Changes detected. Rebuilding...
[32m√[39m Changes detected. Rebuilding...
[1mInitial chunk files[22m[2m | [22m[1mNames[22m                  [2m | [22m [1mRaw size[22m
[32mmain.js[39m            [2m | [22m[2mmain[22m                   [2m | [22m[36m264.59 kB[39m[2m | [22m

[1mLazy chunk files[22m   [2m | [22m[1mNames[22m                  [2m | [22m [1mRaw size[22m
[32mchunk-FGBHIJDL.js[39m  [2m | [22m[2memployee-list-component[22m[2m | [22m [36m67.22 kB[39m[2m | [22m

Application bundle generation complete. [2.951 seconds]

Page reload sent to client(s).
[33m>[39m Changes detected. Rebuilding...
[32m√[39m Changes detected. Rebuilding...
Application bundle generation failed. [12.328 seconds]

[33m>[39m Changes detected. Rebuilding...
[32m√[39m Changes detected. Rebuilding...
[1mInitial chunk files[22m[2m | [22m[1mNames[22m                         [2m | [22m [1mRaw size[22m
[32mchunk-6JNNJE2K.js[39m  [2m | [22m[2m-[22m                             [2m | [22m[36m359.24 kB[39m[2m | [22m
[32mmain.js[39m            [2m | [22m[2mmain[22m                          [2m | [22m[36m264.59 kB[39m[2m | [22m
[32mstyles.css[39m         [2m | [22m[2mstyles[22m                        [2m | [22m[36m188.92 kB[39m[2m | [22m
[32mpolyfills.js[39m       [2m | [22m[2mpolyfills[22m                     [2m | [22m [36m90.20 kB[39m[2m | [22m
[32mchunk-2GU4KG5S.js[39m  [2m | [22m[2m-[22m                             [2m | [22m [36m40.52 kB[39m[2m | [22m
[32mchunk-4FI2LS7W.js[39m  [2m | [22m[2m-[22m                             [2m | [22m [36m22.39 kB[39m[2m | [22m
[32mchunk-SIYR52C7.js[39m  [2m | [22m[2m-[22m                             [2m | [22m [36m17.36 kB[39m[2m | [22m
[32mchunk-RJYTHRF4.js[39m  [2m | [22m[2m-[22m                             [2m | [22m [36m15.74 kB[39m[2m | [22m
[32mchunk-EQENXTF3.js[39m  [2m | [22m[2m-[22m                             [2m | [22m  [36m9.23 kB[39m[2m | [22m
[32mchunk-CA2ELFKZ.js[39m  [2m | [22m[2m-[22m                             [2m | [22m  [36m7.13 kB[39m[2m | [22m
[32mchunk-CXIZJT3C.js[39m  [2m | [22m[2m-[22m                             [2m | [22m  [36m7.01 kB[39m[2m | [22m
[32mchunk-TBI4PZMO.js[39m  [2m | [22m[2m-[22m                             [2m | [22m  [36m4.78 kB[39m[2m | [22m
[32mchunk-OTZYIDTK.js[39m  [2m | [22m[2m-[22m                             [2m | [22m  [36m4.43 kB[39m[2m | [22m
[32mchunk-BTPDIG27.js[39m  [2m | [22m[2m-[22m                             [2m | [22m  [36m2.87 kB[39m[2m | [22m
[32mchunk-GOQSRIIK.js[39m  [2m | [22m[2m-[22m                             [2m | [22m  [36m2.23 kB[39m[2m | [22m
[32mchunk-Y5RQAIA6.js[39m  [2m | [22m[2m-[22m                             [2m | [22m  [36m1.50 kB[39m[2m | [22m
[32mchunk-7VDBFOMI.js[39m  [2m | [22m[2m-[22m                             [2m | [22m  [36m1.38 kB[39m[2m | [22m
[32mchunk-MRQICVC5.js[39m  [2m | [22m[2m-[22m                             [2m | [22m  [36m1.32 kB[39m[2m | [22m
[32mchunk-L2Q2ODZU.js[39m  [2m | [22m[2m-[22m                             [2m | [22m  [36m1.32 kB[39m[2m | [22m
[32mchunk-IJ6IGTQS.js[39m  [2m | [22m[2m-[22m                             [2m | [22m[36m582 bytes[39m[2m | [22m
[32mchunk-Y2GC6XPQ.js[39m  [2m | [22m[2m-[22m                             [2m | [22m[36m563 bytes[39m[2m | [22m

[1m [22m                  [2m | [22m[1mInitial total[22m                 [2m | [22m  [1m1.04 MB[22m

[1mLazy chunk files[22m   [2m | [22m[1mNames[22m                         [2m | [22m [1mRaw size[22m
[32mchunk-MG4CYCES.js[39m  [2m | [22m[2mattendance-component[22m          [2m | [22m[36m244.09 kB[39m[2m | [22m
[32mchunk-WGK3QQCI.js[39m  [2m | [22m[2mself-service-component[22m        [2m | [22m[36m226.04 kB[39m[2m | [22m
[32mchunk-3LUV5GZR.js[39m  [2m | [22m[2mprofile-component[22m             [2m | [22m[36m116.69 kB[39m[2m | [22m
[32mchunk-ZKZWJD4Z.js[39m  [2m | [22m[2mbilling-component[22m             [2m | [22m[36m116.14 kB[39m[2m | [22m
[32mchunk-MHIWI3IB.js[39m  [2m | [22m[2mvisit-management-component[22m    [2m | [22m[36m107.45 kB[39m[2m | [22m
[32mchunk-3JVVYWTP.js[39m  [2m | [22m[2msettings-routes[22m               [2m | [22m [36m98.66 kB[39m[2m | [22m
[32mchunk-FI3XXP3M.js[39m  [2m | [22m[2maudit-logs-component[22m          [2m | [22m [36m95.53 kB[39m[2m | [22m
[32mchunk-GPW3TKLS.js[39m  [2m | [22m[2mimport-wizard-component[22m       [2m | [22m [36m87.51 kB[39m[2m | [22m
[32mchunk-T7ZPT3KV.js[39m  [2m | [22m[2memployee-list-component[22m       [2m | [22m [36m67.56 kB[39m[2m | [22m
[32mchunk-MGIEWNB5.js[39m  [2m | [22m[2mlogin-component[22m               [2m | [22m [36m66.52 kB[39m[2m | [22m
[32mchunk-6JHNOKWD.js[39m  [2m | [22m[2madd-ons-component[22m             [2m | [22m [36m55.26 kB[39m[2m | [22m
[32mchunk-3VTAWBOE.js[39m  [2m | [22m[2mface-registration-component[22m   [2m | [22m [36m50.49 kB[39m[2m | [22m
[32mchunk-G6KE65CF.js[39m  [2m | [22m[2mleaves-component[22m              [2m | [22m [36m49.14 kB[39m[2m | [22m
[32mchunk-OQCP3H7K.js[39m  [2m | [22m[2m-[22m                             [2m | [22m [36m47.26 kB[39m[2m | [22m
[32mchunk-RDWDZ76J.js[39m  [2m | [22m[2morganisation-profile-component[22m[2m | [22m [36m47.18 kB[39m[2m | [22m
[2m...and 56 more lazy chunks files. Use "--verbose" to show all the files.[22m

Application bundle generation complete. [8.702 seconds]

Page reload sent to client(s).
[33m>[39m Changes detected. Rebuilding...
[32m√[39m Changes detected. Rebuilding...
[1mInitial chunk files[22m[2m | [22m[1mNames[22m                  [2m | [22m [1mRaw size[22m
[32mmain.js[39m            [2m | [22m[2mmain[22m                   [2m | [22m[36m264.59 kB[39m[2m | [22m

[1mLazy chunk files[22m   [2m | [22m[1mNames[22m                  [2m | [22m [1mRaw size[22m
[32mchunk-GXDHVKYT.js[39m  [2m | [22m[2memployee-list-component[22m[2m | [22m [36m42.76 kB[39m[2m | [22m

Application bundle generation complete. [6.522 seconds]

Page reload sent to client(s).
[33m>[39m Changes detected. Rebuilding...
[32m√[39m Changes detected. Rebuilding...
[1mInitial chunk files[22m[2m | [22m[1mNames[22m                  [2m | [22m [1mRaw size[22m
[32mmain.js[39m            [2m | [22m[2mmain[22m                   [2m | [22m[36m264.59 kB[39m[2m | [22m

[1mLazy chunk files[22m   [2m | [22m[1mNames[22m                  [2m | [22m [1mRaw size[22m
[32mchunk-XYXPAPKM.js[39m  [2m | [22m[2memployee-list-component[22m[2m | [22m [36m41.66 kB[39m[2m | [22m

Application bundle generation complete. [3.522 seconds]

Page reload sent to client(s).
[33m>[39m Changes detected. Rebuilding...
[32m√[39m Changes detected. Rebuilding...
[1mInitial chunk files[22m[2m | [22m[1mNames[22m                  [2m | [22m [1mRaw size[22m
[32mmain.js[39m            [2m | [22m[2mmain[22m                   [2m | [22m[36m264.59 kB[39m[2m | [22m

[1mLazy chunk files[22m   [2m | [22m[1mNames[22m                  [2m | [22m [1mRaw size[22m
[32mchunk-U4PA2OMF.js[39m  [2m | [22m[2memployee-list-component[22m[2m | [22m [36m41.66 kB[39m[2m | [22m

Application bundle generation complete. [2.507 seconds]

Page reload sent to client(s).
[33m>[39m Changes detected. Rebuilding...
[32m√[39m Changes detected. Rebuilding...
Application bundle generation failed. [9.800 seconds]

[33m>[39m Changes detected. Rebuilding...
[32m√[39m Changes detected. Rebuilding...
[1mInitial chunk files[22m[2m | [22m[1mNames[22m                         [2m | [22m [1mRaw size[22m
[32mchunk-6JNNJE2K.js[39m  [2m | [22m[2m-[22m                             [2m | [22m[36m359.24 kB[39m[2m | [22m
[32mmain.js[39m            [2m | [22m[2mmain[22m                          [2m | [22m[36m264.59 kB[39m[2m | [22m
[32mstyles.css[39m         [2m | [22m[2mstyles[22m                        [2m | [22m[36m188.99 kB[39m[2m | [22m
[32mpolyfills.js[39m       [2m | [22m[2mpolyfills[22m                     [2m | [22m [36m90.20 kB[39m[2m | [22m
[32mchunk-2GU4KG5S.js[39m  [2m | [22m[2m-[22m                             [2m | [22m [36m40.52 kB[39m[2m | [22m
[32mchunk-4FI2LS7W.js[39m  [2m | [22m[2m-[22m                             [2m | [22m [36m22.39 kB[39m[2m | [22m
[32mchunk-SIYR52C7.js[39m  [2m | [22m[2m-[22m                             [2m | [22m [36m17.36 kB[39m[2m | [22m
[32mchunk-RJYTHRF4.js[39m  [2m | [22m[2m-[22m                             [2m | [22m [36m15.74 kB[39m[2m | [22m
[32mchunk-EQENXTF3.js[39m  [2m | [22m[2m-[22m                             [2m | [22m  [36m9.23 kB[39m[2m | [22m
[32mchunk-CA2ELFKZ.js[39m  [2m | [22m[2m-[22m                             [2m | [22m  [36m7.13 kB[39m[2m | [22m
[32mchunk-CXIZJT3C.js[39m  [2m | [22m[2m-[22m                             [2m | [22m  [36m7.01 kB[39m[2m | [22m
[32mchunk-TBI4PZMO.js[39m  [2m | [22m[2m-[22m                             [2m | [22m  [36m4.78 kB[39m[2m | [22m
[32mchunk-OTZYIDTK.js[39m  [2m | [22m[2m-[22m                             [2m | [22m  [36m4.43 kB[39m[2m | [22m
[32mchunk-BTPDIG27.js[39m  [2m | [22m[2m-[22m                             [2m | [22m  [36m2.87 kB[39m[2m | [22m
[32mchunk-GOQSRIIK.js[39m  [2m | [22m[2m-[22m                             [2m | [22m  [36m2.23 kB[39m[2m | [22m
[32mchunk-Y5RQAIA6.js[39m  [2m | [22m[2m-[22m                             [2m | [22m  [36m1.50 kB[39m[2m | [22m
[32mchunk-7VDBFOMI.js[39m  [2m | [22m[2m-[22m                             [2m | [22m  [36m1.38 kB[39m[2m | [22m
[32mchunk-MRQICVC5.js[39m  [2m | [22m[2m-[22m                             [2m | [22m  [36m1.32 kB[39m[2m | [22m
[32mchunk-L2Q2ODZU.js[39m  [2m | [22m[2m-[22m                             [2m | [22m  [36m1.32 kB[39m[2m | [22m
[32mchunk-IJ6IGTQS.js[39m  [2m | [22m[2m-[22m                             [2m | [22m[36m582 bytes[39m[2m | [22m
[32mchunk-Y2GC6XPQ.js[39m  [2m | [22m[2m-[22m                             [2m | [22m[36m563 bytes[39m[2m | [22m

[1m [22m                  [2m | [22m[1mInitial total[22m                 [2m | [22m  [1m1.04 MB[22m

[1mLazy chunk files[22m   [2m | [22m[1mNames[22m                         [2m | [22m [1mRaw size[22m
[32mchunk-MG4CYCES.js[39m  [2m | [22m[2mattendance-component[22m          [2m | [22m[36m244.09 kB[39m[2m | [22m
[32mchunk-WGK3QQCI.js[39m  [2m | [22m[2mself-service-component[22m        [2m | [22m[36m226.04 kB[39m[2m | [22m
[32mchunk-3LUV5GZR.js[39m  [2m | [22m[2mprofile-component[22m             [2m | [22m[36m116.69 kB[39m[2m | [22m
[32mchunk-ZKZWJD4Z.js[39m  [2m | [22m[2mbilling-component[22m             [2m | [22m[36m116.14 kB[39m[2m | [22m
[32mchunk-MHIWI3IB.js[39m  [2m | [22m[2mvisit-management-component[22m    [2m | [22m[36m107.45 kB[39m[2m | [22m
[32mchunk-3JVVYWTP.js[39m  [2m | [22m[2msettings-routes[22m               [2m | [22m [36m98.66 kB[39m[2m | [22m
[32mchunk-FI3XXP3M.js[39m  [2m | [22m[2maudit-logs-component[22m          [2m | [22m [36m95.53 kB[39m[2m | [22m
[32mchunk-GPW3TKLS.js[39m  [2m | [22m[2mimport-wizard-component[22m       [2m | [22m [36m87.51 kB[39m[2m | [22m
[32mchunk-MGIEWNB5.js[39m  [2m | [22m[2mlogin-component[22m               [2m | [22m [36m66.52 kB[39m[2m | [22m
[32mchunk-6JHNOKWD.js[39m  [2m | [22m[2madd-ons-component[22m             [2m | [22m [36m55.26 kB[39m[2m | [22m
[32mchunk-3VTAWBOE.js[39m  [2m | [22m[2mface-registration-component[22m   [2m | [22m [36m50.49 kB[39m[2m | [22m
[32mchunk-G6KE65CF.js[39m  [2m | [22m[2mleaves-component[22m              [2m | [22m [36m49.14 kB[39m[2m | [22m
[32mchunk-OQCP3H7K.js[39m  [2m | [22m[2m-[22m                             [2m | [22m [36m47.26 kB[39m[2m | [22m
[32mchunk-RDWDZ76J.js[39m  [2m | [22m[2morganisation-profile-component[22m[2m | [22m [36m47.18 kB[39m[2m | [22m
[32mchunk-52V5YUJN.js[39m  [2m | [22m[2mintegrations-component[22m        [2m | [22m [36m46.09 kB[39m[2m | [22m
[2m...and 56 more lazy chunks files. Use "--verbose" to show all the files.[22m

Application bundle generation complete. [8.020 seconds]

Page reload sent to client(s).
[33m>[39m Changes detected. Rebuilding...
[32m√[39m Changes detected. Rebuilding...
[1mInitial chunk files[22m[2m | [22m[1mNames[22m                  [2m | [22m [1mRaw size[22m
[32mmain.js[39m            [2m | [22m[2mmain[22m                   [2m | [22m[36m264.59 kB[39m[2m | [22m
[32mstyles.css[39m         [2m | [22m[2mstyles[22m                 [2m | [22m[36m189.18 kB[39m[2m | [22m

[1mLazy chunk files[22m   [2m | [22m[1mNames[22m                  [2m | [22m [1mRaw size[22m
[32mchunk-OCMMMIMX.js[39m  [2m | [22m[2memployee-list-component[22m[2m | [22m [36m42.84 kB[39m[2m | [22m

Application bundle generation complete. [7.973 seconds]

Page reload sent to client(s).
